Audio out device: plughw:0,0

 ------ spacing of 8 seconds ------ 

0
        257
0
        257
0
        257
0
        257
0
        257
0
        257
0
        257
0
        257
0
        257
0
        257

 ------ spacing of 9 seconds ------ 

0
        267
0
        257
0
        267
0
        257
0
        257
0
        256
0
        256
0
        256
0
        256
0
        256

 ------ spacing of 10 seconds ------ 

0
        256
0
        256
0
        256
0
        256
0
        256
0
        256
0
        256
0
        256
0
        256
0
        256

 ------ spacing of 11 seconds ------ 

0
        256
0
        255
0
        255
0
        265
0
        255
0
        255
0
        255
0
        255
0
        255
0
        255

 ------ spacing of 12 seconds ------ 

0
        255
0
        255
0
        255
0
        255
0
        254
0
        254
0
        254
0
        264
0
        254
0
        254

 ------ spacing of 13 seconds ------ 

0
        264
0
        254
0
        264
0
        254
0
        254
0
        254
0
        254
0
        253
0
        253
0
        263

 ------ spacing of 14 seconds ------ 

0
        253
0
        263
0
        253
0
        253
0
        253
0
        253
0
        253
0
        253
0
        252
0
        252

 ------ spacing of 15 seconds ------ 

0
        252
0
        252
0
        252
0
        252
0
        262
0
        272
0
        252
0
        252
0
        262
0
        261
