Audio out device: plughw:1,0

 ------ spacing of 8 seconds ------ 

0
        280
0
        758
                Delayed!
0
        236
0
        281
0
        759
                Delayed!
0
        237
0
        281
0
        759
                Delayed!
0
        237
0
        282

 ------ spacing of 9 seconds ------ 

0
        280
0
        280
0
        281
0
        281
0
        280
0
        281
0
        281
0
        280
0
        281
0
        281

 ------ spacing of 10 seconds ------ 

0
        615
                Delayed!
0
        141
                Too short!
0
        281
0
        807
                Delayed!
0
        281
0
        807
                Delayed!
0
        282
0
        808
                Delayed!
0
        281
0
        807
                Delayed!

 ------ spacing of 11 seconds ------ 

0
        333
                Delayed!
0
        281
0
        280
0
        280
0
        280
0
        280
0
        280
0
        281
0
        281
0
        281

 ------ spacing of 12 seconds ------ 

0
        759
                Delayed!
0
        282
0
        856
                Delayed!
0
        282
0
        856
                Delayed!
0
        282
0
        856
                Delayed!
0
        281
0
        855
                Delayed!
0
        282

 ------ spacing of 13 seconds ------ 

0
        759
                Delayed!
0
        333
                Delayed!
0
        281
0
        281
0
        280
0
        280
0
        281
0
        281
0
        282
0
        281

 ------ spacing of 14 seconds ------ 

0
        281
0
        903
                Delayed!
0
        282
0
        904
                Delayed!
0
        282
0
        904
                Delayed!
0
        280
0
        902
                Delayed!
0
        281
0
        903
                Delayed!

 ------ spacing of 15 seconds ------ 

0
        281
0
        281
0
        281
0
        281
0
        281
0
        281
0
        281
0
        281
0
        281
0
        282
