Audio out device: plughw:0,0

 ------ spacing of 8 seconds ------ 

0
        253
0
        266
0
        266
0
        265
0
        265
0
        266
0
        266
0
        266
0
        266
0
        265

 ------ spacing of 9 seconds ------ 

0
        266
0
        266
0
        266
0
        265
0
        266
0
        266
0
        266
0
        265
0
        265
0
        265

 ------ spacing of 10 seconds ------ 

0
        265
0
        266
0
        265
0
        265
0
        265
0
        265
0
        265
0
        265
0
        265
0
        265

 ------ spacing of 11 seconds ------ 

0
        265
0
        265
0
        265
0
        265
0
        265
0
        265
0
        266
0
        266
0
        266
0
        266

 ------ spacing of 12 seconds ------ 

0
        266
0
        266
0
        266
0
        266
0
        266
0
        265
0
        266
0
        266
0
        266
0
        265

 ------ spacing of 13 seconds ------ 

0
        266
0
        265
0
        265
0
        266
0
        265
0
        266
0
        266
0
        266
0
        265
0
        265

 ------ spacing of 14 seconds ------ 

0
        265
0
        265
0
        265
0
        265
0
        265
0
        265
0
        265
0
        265
0
        265
0
        265

 ------ spacing of 15 seconds ------ 

0
        265
0
        266
0
        266
0
        266
0
        266
0
        266
0
        266
0
        266
0
        265
0
        266
